2024-12-12T16:26:46.638+09:00  INFO 22180 --- [dropout_prjt] [restartedMain] fs.four.dropout.DropoutPrjtApplication   : Starting DropoutPrjtApplication using Java 17 with PID 22180 (C:\Users\L\Documents\GitHub\life_mate\build\classes\java\main started by L in C:\Users\L\Documents\GitHub\life_mate)
2024-12-12T16:26:46.640+09:00  INFO 22180 --- [dropout_prjt] [restartedMain] fs.four.dropout.DropoutPrjtApplication   : No active profile set, falling back to 1 default profile: "default"
2024-12-12T16:26:46.695+09:00  INFO 22180 --- [dropout_prjt] [restartedMain] o.s.b.devtools.restart.ChangeableUrls    : The Class-Path manifest attribute in C:\Users\L\.gradle\caches\modules-2\files-2.1\com.oracle.database.jdbc\ojdbc8\19.8.0.0\df9cff9b91c47d06b9a0482d566ee2d83a03e586\ojdbc8-19.8.0.0.jar referenced one or more files that do not exist: file:/C:/Users/L/.gradle/caches/modules-2/files-2.1/com.oracle.database.jdbc/ojdbc8/19.8.0.0/df9cff9b91c47d06b9a0482d566ee2d83a03e586/oraclepki.jar
2024-12-12T16:26:46.697+09:00  INFO 22180 --- [dropout_prjt] [restartedMain] .e.DevToolsPropertyDefaultsPostProcessor : Devtools property defaults active! Set 'spring.devtools.add-properties' to 'false' to disable
2024-12-12T16:26:46.697+09:00  INFO 22180 --- [dropout_prjt] [restartedMain] .e.DevToolsPropertyDefaultsPostProcessor : For additional web related logging consider setting the 'logging.level.web' property to 'DEBUG'
2024-12-12T16:26:48.265+09:00  INFO 22180 --- [dropout_prjt] [restartedMain] o.s.b.w.embedded.tomcat.TomcatWebServer  : Tomcat initialized with port 18090 (http)
2024-12-12T16:26:48.279+09:00  INFO 22180 --- [dropout_prjt] [restartedMain] o.apache.catalina.core.StandardService   : Starting service [Tomcat]
2024-12-12T16:26:48.280+09:00  INFO 22180 --- [dropout_prjt] [restartedMain] o.apache.catalina.core.StandardEngine    : Starting Servlet engine: [Apache Tomcat/10.1.33]
2024-12-12T16:26:48.552+09:00  INFO 22180 --- [dropout_prjt] [restartedMain] org.apache.jasper.servlet.TldScanner     : At least one JAR was scanned for TLDs yet contained no TLDs. Enable debug logging for this logger for a complete list of JARs that were scanned but no TLDs were found in them. Skipping unneeded JARs during scanning can improve startup time and JSP compilation time.
2024-12-12T16:26:48.561+09:00  INFO 22180 --- [dropout_prjt] [restartedMain] o.a.c.c.C.[Tomcat].[localhost].[/]       : Initializing Spring embedded WebApplicationContext
2024-12-12T16:26:48.561+09:00  INFO 22180 --- [dropout_prjt] [restartedMain] w.s.c.ServletWebServerApplicationContext : Root WebApplicationContext: initialization completed in 1864 ms
2024-12-12T16:26:48.656+09:00  INFO 22180 --- [dropout_prjt] [restartedMain] com.zaxxer.hikari.HikariDataSource       : HikariPool-1 - Starting...
2024-12-12T16:26:48.662+09:00  WARN 22180 --- [dropout_prjt] [restartedMain] c.zaxxer.hikari.util.DriverDataSource    : Registered driver with driverClassName=oracle.jdbc.driver.OracleDriver was not found, trying direct instantiation.
2024-12-12T16:26:48.967+09:00  INFO 22180 --- [dropout_prjt] [restartedMain] com.zaxxer.hikari.pool.HikariPool        : HikariPool-1 - Added connection oracle.jdbc.driver.T4CConnection@6a90ba13
2024-12-12T16:26:48.969+09:00  INFO 22180 --- [dropout_prjt] [restartedMain] com.zaxxer.hikari.HikariDataSource       : HikariPool-1 - Start completed.
2024-12-12T16:26:48.978+09:00  INFO 22180 --- [dropout_prjt] [restartedMain] o.s.b.a.h2.H2ConsoleAutoConfiguration    : H2 console available at '/h2-console'. Database available at 'jdbc:oracle:thin:@localhost:1521:XE'
2024-12-12T16:26:49.513+09:00  INFO 22180 --- [dropout_prjt] [restartedMain] o.s.b.a.w.s.WelcomePageHandlerMapping    : Adding welcome page template: index
2024-12-12T16:26:49.950+09:00  INFO 22180 --- [dropout_prjt] [restartedMain] o.s.b.d.a.OptionalLiveReloadServer       : LiveReload server is running on port 35729
2024-12-12T16:26:49.990+09:00  INFO 22180 --- [dropout_prjt] [restartedMain] o.s.b.w.embedded.tomcat.TomcatWebServer  : Tomcat started on port 18090 (http) with context path '/'
2024-12-12T16:26:50.002+09:00  INFO 22180 --- [dropout_prjt] [restartedMain] fs.four.dropout.DropoutPrjtApplication   : Started DropoutPrjtApplication in 3.897 seconds (process running for 4.374)
2024-12-12T16:28:11.589+09:00  INFO 22180 --- [dropout_prjt] [http-nio-18090-exec-1] o.a.c.c.C.[Tomcat].[localhost].[/]       : Initializing Spring DispatcherServlet 'dispatcherServlet'
2024-12-12T16:28:11.589+09:00  INFO 22180 --- [dropout_prjt] [http-nio-18090-exec-1] o.s.web.servlet.DispatcherServlet        : Initializing Servlet 'dispatcherServlet'
2024-12-12T16:28:11.590+09:00  INFO 22180 --- [dropout_prjt] [http-nio-18090-exec-1] o.s.web.servlet.DispatcherServlet        : Completed initialization in 0 ms
2024-12-12T16:28:12.927+09:00  WARN 22180 --- [dropout_prjt] [http-nio-18090-exec-1] o.a.c.util.SessionIdGeneratorBase        : Creation of SecureRandom instance for session ID generation using [SHA1PRNG] took [143] milliseconds.
2024-12-12T16:58:35.007+09:00  INFO 14864 --- [dropout_prjt] [restartedMain] fs.four.dropout.DropoutPrjtApplication   : Starting DropoutPrjtApplication using Java 17 with PID 14864 (C:\Users\L\Documents\GitHub\life_mate\build\classes\java\main started by L in C:\Users\L\Documents\GitHub\life_mate)
2024-12-12T16:58:35.010+09:00  INFO 14864 --- [dropout_prjt] [restartedMain] fs.four.dropout.DropoutPrjtApplication   : No active profile set, falling back to 1 default profile: "default"
2024-12-12T16:58:35.064+09:00  INFO 14864 --- [dropout_prjt] [restartedMain] o.s.b.devtools.restart.ChangeableUrls    : The Class-Path manifest attribute in C:\Users\L\.gradle\caches\modules-2\files-2.1\com.oracle.database.jdbc\ojdbc8\19.8.0.0\df9cff9b91c47d06b9a0482d566ee2d83a03e586\ojdbc8-19.8.0.0.jar referenced one or more files that do not exist: file:/C:/Users/L/.gradle/caches/modules-2/files-2.1/com.oracle.database.jdbc/ojdbc8/19.8.0.0/df9cff9b91c47d06b9a0482d566ee2d83a03e586/oraclepki.jar
2024-12-12T16:58:35.065+09:00  INFO 14864 --- [dropout_prjt] [restartedMain] .e.DevToolsPropertyDefaultsPostProcessor : Devtools property defaults active! Set 'spring.devtools.add-properties' to 'false' to disable
2024-12-12T16:58:35.065+09:00  INFO 14864 --- [dropout_prjt] [restartedMain] .e.DevToolsPropertyDefaultsPostProcessor : For additional web related logging consider setting the 'logging.level.web' property to 'DEBUG'
2024-12-12T16:58:36.637+09:00  INFO 14864 --- [dropout_prjt] [restartedMain] o.s.b.w.embedded.tomcat.TomcatWebServer  : Tomcat initialized with port 18090 (http)
2024-12-12T16:58:36.652+09:00  INFO 14864 --- [dropout_prjt] [restartedMain] o.apache.catalina.core.StandardService   : Starting service [Tomcat]
2024-12-12T16:58:36.652+09:00  INFO 14864 --- [dropout_prjt] [restartedMain] o.apache.catalina.core.StandardEngine    : Starting Servlet engine: [Apache Tomcat/10.1.33]
2024-12-12T16:58:36.920+09:00  INFO 14864 --- [dropout_prjt] [restartedMain] org.apache.jasper.servlet.TldScanner     : At least one JAR was scanned for TLDs yet contained no TLDs. Enable debug logging for this logger for a complete list of JARs that were scanned but no TLDs were found in them. Skipping unneeded JARs during scanning can improve startup time and JSP compilation time.
2024-12-12T16:58:36.930+09:00  INFO 14864 --- [dropout_prjt] [restartedMain] o.a.c.c.C.[Tomcat].[localhost].[/]       : Initializing Spring embedded WebApplicationContext
2024-12-12T16:58:36.930+09:00  INFO 14864 --- [dropout_prjt] [restartedMain] w.s.c.ServletWebServerApplicationContext : Root WebApplicationContext: initialization completed in 1865 ms
2024-12-12T16:58:37.027+09:00  INFO 14864 --- [dropout_prjt] [restartedMain] com.zaxxer.hikari.HikariDataSource       : HikariPool-1 - Starting...
2024-12-12T16:58:37.033+09:00  WARN 14864 --- [dropout_prjt] [restartedMain] c.zaxxer.hikari.util.DriverDataSource    : Registered driver with driverClassName=oracle.jdbc.driver.OracleDriver was not found, trying direct instantiation.
2024-12-12T16:58:37.302+09:00  INFO 14864 --- [dropout_prjt] [restartedMain] com.zaxxer.hikari.pool.HikariPool        : HikariPool-1 - Added connection oracle.jdbc.driver.T4CConnection@b8cbe9
2024-12-12T16:58:37.306+09:00  INFO 14864 --- [dropout_prjt] [restartedMain] com.zaxxer.hikari.HikariDataSource       : HikariPool-1 - Start completed.
2024-12-12T16:58:37.315+09:00  INFO 14864 --- [dropout_prjt] [restartedMain] o.s.b.a.h2.H2ConsoleAutoConfiguration    : H2 console available at '/h2-console'. Database available at 'jdbc:oracle:thin:@localhost:1521:XE'
2024-12-12T16:58:37.847+09:00  INFO 14864 --- [dropout_prjt] [restartedMain] o.s.b.a.w.s.WelcomePageHandlerMapping    : Adding welcome page template: index
2024-12-12T16:58:38.281+09:00  INFO 14864 --- [dropout_prjt] [restartedMain] o.s.b.d.a.OptionalLiveReloadServer       : LiveReload server is running on port 35729
2024-12-12T16:58:38.328+09:00  INFO 14864 --- [dropout_prjt] [restartedMain] o.s.b.w.embedded.tomcat.TomcatWebServer  : Tomcat started on port 18090 (http) with context path '/'
2024-12-12T16:58:38.340+09:00  INFO 14864 --- [dropout_prjt] [restartedMain] fs.four.dropout.DropoutPrjtApplication   : Started DropoutPrjtApplication in 3.788 seconds (process running for 4.272)
2024-12-12T17:04:38.220+09:00  INFO 14864 --- [dropout_prjt] [http-nio-18090-exec-1] o.a.c.c.C.[Tomcat].[localhost].[/]       : Initializing Spring DispatcherServlet 'dispatcherServlet'
2024-12-12T17:04:38.220+09:00  INFO 14864 --- [dropout_prjt] [http-nio-18090-exec-1] o.s.web.servlet.DispatcherServlet        : Initializing Servlet 'dispatcherServlet'
2024-12-12T17:04:38.221+09:00  INFO 14864 --- [dropout_prjt] [http-nio-18090-exec-1] o.s.web.servlet.DispatcherServlet        : Completed initialization in 1 ms
2024-12-12T17:20:10.570+09:00  INFO 18072 --- [dropout_prjt] [restartedMain] fs.four.dropout.DropoutPrjtApplication   : Starting DropoutPrjtApplication using Java 17 with PID 18072 (C:\Users\L\Documents\GitHub\life_mate\build\classes\java\main started by L in C:\Users\L\Documents\GitHub\life_mate)
2024-12-12T17:20:10.578+09:00  INFO 18072 --- [dropout_prjt] [restartedMain] fs.four.dropout.DropoutPrjtApplication   : No active profile set, falling back to 1 default profile: "default"
2024-12-12T17:20:10.648+09:00  INFO 18072 --- [dropout_prjt] [restartedMain] o.s.b.devtools.restart.ChangeableUrls    : The Class-Path manifest attribute in C:\Users\L\.gradle\caches\modules-2\files-2.1\com.oracle.database.jdbc\ojdbc8\19.8.0.0\df9cff9b91c47d06b9a0482d566ee2d83a03e586\ojdbc8-19.8.0.0.jar referenced one or more files that do not exist: file:/C:/Users/L/.gradle/caches/modules-2/files-2.1/com.oracle.database.jdbc/ojdbc8/19.8.0.0/df9cff9b91c47d06b9a0482d566ee2d83a03e586/oraclepki.jar
2024-12-12T17:20:10.648+09:00  INFO 18072 --- [dropout_prjt] [restartedMain] .e.DevToolsPropertyDefaultsPostProcessor : Devtools property defaults active! Set 'spring.devtools.add-properties' to 'false' to disable
2024-12-12T17:20:10.648+09:00  INFO 18072 --- [dropout_prjt] [restartedMain] .e.DevToolsPropertyDefaultsPostProcessor : For additional web related logging consider setting the 'logging.level.web' property to 'DEBUG'
2024-12-12T17:20:12.289+09:00  INFO 18072 --- [dropout_prjt] [restartedMain] o.s.b.w.embedded.tomcat.TomcatWebServer  : Tomcat initialized with port 18090 (http)
2024-12-12T17:20:12.304+09:00  INFO 18072 --- [dropout_prjt] [restartedMain] o.apache.catalina.core.StandardService   : Starting service [Tomcat]
2024-12-12T17:20:12.304+09:00  INFO 18072 --- [dropout_prjt] [restartedMain] o.apache.catalina.core.StandardEngine    : Starting Servlet engine: [Apache Tomcat/10.1.33]
2024-12-12T17:20:12.591+09:00  INFO 18072 --- [dropout_prjt] [restartedMain] org.apache.jasper.servlet.TldScanner     : At least one JAR was scanned for TLDs yet contained no TLDs. Enable debug logging for this logger for a complete list of JARs that were scanned but no TLDs were found in them. Skipping unneeded JARs during scanning can improve startup time and JSP compilation time.
2024-12-12T17:20:12.601+09:00  INFO 18072 --- [dropout_prjt] [restartedMain] o.a.c.c.C.[Tomcat].[localhost].[/]       : Initializing Spring embedded WebApplicationContext
2024-12-12T17:20:12.602+09:00  INFO 18072 --- [dropout_prjt] [restartedMain] w.s.c.ServletWebServerApplicationContext : Root WebApplicationContext: initialization completed in 1954 ms
2024-12-12T17:20:12.731+09:00  INFO 18072 --- [dropout_prjt] [restartedMain] com.zaxxer.hikari.HikariDataSource       : HikariPool-1 - Starting...
2024-12-12T17:20:12.737+09:00  WARN 18072 --- [dropout_prjt] [restartedMain] c.zaxxer.hikari.util.DriverDataSource    : Registered driver with driverClassName=oracle.jdbc.driver.OracleDriver was not found, trying direct instantiation.
2024-12-12T17:20:13.045+09:00  INFO 18072 --- [dropout_prjt] [restartedMain] com.zaxxer.hikari.pool.HikariPool        : HikariPool-1 - Added connection oracle.jdbc.driver.T4CConnection@f268028
2024-12-12T17:20:13.048+09:00  INFO 18072 --- [dropout_prjt] [restartedMain] com.zaxxer.hikari.HikariDataSource       : HikariPool-1 - Start completed.
2024-12-12T17:20:13.058+09:00  INFO 18072 --- [dropout_prjt] [restartedMain] o.s.b.a.h2.H2ConsoleAutoConfiguration    : H2 console available at '/h2-console'. Database available at 'jdbc:oracle:thin:@localhost:1521:XE'
2024-12-12T17:20:13.702+09:00  INFO 18072 --- [dropout_prjt] [restartedMain] o.s.b.a.w.s.WelcomePageHandlerMapping    : Adding welcome page template: index
2024-12-12T17:20:14.149+09:00  INFO 18072 --- [dropout_prjt] [restartedMain] o.s.b.d.a.OptionalLiveReloadServer       : LiveReload server is running on port 35729
2024-12-12T17:20:14.193+09:00  INFO 18072 --- [dropout_prjt] [restartedMain] o.s.b.w.embedded.tomcat.TomcatWebServer  : Tomcat started on port 18090 (http) with context path '/'
2024-12-12T17:20:14.205+09:00  INFO 18072 --- [dropout_prjt] [restartedMain] fs.four.dropout.DropoutPrjtApplication   : Started DropoutPrjtApplication in 4.135 seconds (process running for 4.615)
2024-12-12T17:20:59.193+09:00  INFO 18072 --- [dropout_prjt] [http-nio-18090-exec-1] o.a.c.c.C.[Tomcat].[localhost].[/]       : Initializing Spring DispatcherServlet 'dispatcherServlet'
2024-12-12T17:20:59.194+09:00  INFO 18072 --- [dropout_prjt] [http-nio-18090-exec-1] o.s.web.servlet.DispatcherServlet        : Initializing Servlet 'dispatcherServlet'
2024-12-12T17:20:59.195+09:00  INFO 18072 --- [dropout_prjt] [http-nio-18090-exec-1] o.s.web.servlet.DispatcherServlet        : Completed initialization in 1 ms
2024-12-12T17:33:49.708+09:00  INFO 8980 --- [dropout_prjt] [restartedMain] fs.four.dropout.DropoutPrjtApplication   : Starting DropoutPrjtApplication using Java 17 with PID 8980 (C:\Users\L\Documents\GitHub\life_mate\build\classes\java\main started by L in C:\Users\L\Documents\GitHub\life_mate)
2024-12-12T17:33:49.711+09:00  INFO 8980 --- [dropout_prjt] [restartedMain] fs.four.dropout.DropoutPrjtApplication   : No active profile set, falling back to 1 default profile: "default"
2024-12-12T17:33:49.766+09:00  INFO 8980 --- [dropout_prjt] [restartedMain] o.s.b.devtools.restart.ChangeableUrls    : The Class-Path manifest attribute in C:\Users\L\.gradle\caches\modules-2\files-2.1\com.oracle.database.jdbc\ojdbc8\19.8.0.0\df9cff9b91c47d06b9a0482d566ee2d83a03e586\ojdbc8-19.8.0.0.jar referenced one or more files that do not exist: file:/C:/Users/L/.gradle/caches/modules-2/files-2.1/com.oracle.database.jdbc/ojdbc8/19.8.0.0/df9cff9b91c47d06b9a0482d566ee2d83a03e586/oraclepki.jar
2024-12-12T17:33:49.766+09:00  INFO 8980 --- [dropout_prjt] [restartedMain] .e.DevToolsPropertyDefaultsPostProcessor : Devtools property defaults active! Set 'spring.devtools.add-properties' to 'false' to disable
2024-12-12T17:33:49.766+09:00  INFO 8980 --- [dropout_prjt] [restartedMain] .e.DevToolsPropertyDefaultsPostProcessor : For additional web related logging consider setting the 'logging.level.web' property to 'DEBUG'
2024-12-12T17:33:51.375+09:00  INFO 8980 --- [dropout_prjt] [restartedMain] o.s.b.w.embedded.tomcat.TomcatWebServer  : Tomcat initialized with port 18090 (http)
2024-12-12T17:33:51.390+09:00  INFO 8980 --- [dropout_prjt] [restartedMain] o.apache.catalina.core.StandardService   : Starting service [Tomcat]
2024-12-12T17:33:51.390+09:00  INFO 8980 --- [dropout_prjt] [restartedMain] o.apache.catalina.core.StandardEngine    : Starting Servlet engine: [Apache Tomcat/10.1.33]
2024-12-12T17:33:51.666+09:00  INFO 8980 --- [dropout_prjt] [restartedMain] org.apache.jasper.servlet.TldScanner     : At least one JAR was scanned for TLDs yet contained no TLDs. Enable debug logging for this logger for a complete list of JARs that were scanned but no TLDs were found in them. Skipping unneeded JARs during scanning can improve startup time and JSP compilation time.
2024-12-12T17:33:51.677+09:00  INFO 8980 --- [dropout_prjt] [restartedMain] o.a.c.c.C.[Tomcat].[localhost].[/]       : Initializing Spring embedded WebApplicationContext
2024-12-12T17:33:51.678+09:00  INFO 8980 --- [dropout_prjt] [restartedMain] w.s.c.ServletWebServerApplicationContext : Root WebApplicationContext: initialization completed in 1911 ms
2024-12-12T17:33:51.777+09:00  INFO 8980 --- [dropout_prjt] [restartedMain] com.zaxxer.hikari.HikariDataSource       : HikariPool-1 - Starting...
2024-12-12T17:33:51.783+09:00  WARN 8980 --- [dropout_prjt] [restartedMain] c.zaxxer.hikari.util.DriverDataSource    : Registered driver with driverClassName=oracle.jdbc.driver.OracleDriver was not found, trying direct instantiation.
2024-12-12T17:33:52.079+09:00  INFO 8980 --- [dropout_prjt] [restartedMain] com.zaxxer.hikari.pool.HikariPool        : HikariPool-1 - Added connection oracle.jdbc.driver.T4CConnection@6c40e1bc
2024-12-12T17:33:52.082+09:00  INFO 8980 --- [dropout_prjt] [restartedMain] com.zaxxer.hikari.HikariDataSource       : HikariPool-1 - Start completed.
2024-12-12T17:33:52.092+09:00  INFO 8980 --- [dropout_prjt] [restartedMain] o.s.b.a.h2.H2ConsoleAutoConfiguration    : H2 console available at '/h2-console'. Database available at 'jdbc:oracle:thin:@localhost:1521:XE'
2024-12-12T17:33:52.710+09:00  INFO 8980 --- [dropout_prjt] [restartedMain] o.s.b.a.w.s.WelcomePageHandlerMapping    : Adding welcome page template: index
2024-12-12T17:33:53.146+09:00  INFO 8980 --- [dropout_prjt] [restartedMain] o.s.b.d.a.OptionalLiveReloadServer       : LiveReload server is running on port 35729
2024-12-12T17:33:53.188+09:00  INFO 8980 --- [dropout_prjt] [restartedMain] o.s.b.w.embedded.tomcat.TomcatWebServer  : Tomcat started on port 18090 (http) with context path '/'
2024-12-12T17:33:53.199+09:00  INFO 8980 --- [dropout_prjt] [restartedMain] fs.four.dropout.DropoutPrjtApplication   : Started DropoutPrjtApplication in 3.949 seconds (process running for 4.437)
2024-12-12T17:34:18.745+09:00  INFO 8980 --- [dropout_prjt] [http-nio-18090-exec-1] o.a.c.c.C.[Tomcat].[localhost].[/]       : Initializing Spring DispatcherServlet 'dispatcherServlet'
2024-12-12T17:34:18.745+09:00  INFO 8980 --- [dropout_prjt] [http-nio-18090-exec-1] o.s.web.servlet.DispatcherServlet        : Initializing Servlet 'dispatcherServlet'
2024-12-12T17:34:18.750+09:00  INFO 8980 --- [dropout_prjt] [http-nio-18090-exec-1] o.s.web.servlet.DispatcherServlet        : Completed initialization in 5 ms
2024-12-12T17:51:05.019+09:00  INFO 23484 --- [dropout_prjt] [restartedMain] fs.four.dropout.DropoutPrjtApplication   : Starting DropoutPrjtApplication using Java 17 with PID 23484 (C:\Users\L\Documents\GitHub\life_mate\build\classes\java\main started by L in C:\Users\L\Documents\GitHub\life_mate)
2024-12-12T17:51:05.023+09:00  INFO 23484 --- [dropout_prjt] [restartedMain] fs.four.dropout.DropoutPrjtApplication   : No active profile set, falling back to 1 default profile: "default"
2024-12-12T17:51:05.090+09:00  INFO 23484 --- [dropout_prjt] [restartedMain] o.s.b.devtools.restart.ChangeableUrls    : The Class-Path manifest attribute in C:\Users\L\.gradle\caches\modules-2\files-2.1\com.oracle.database.jdbc\ojdbc8\19.8.0.0\df9cff9b91c47d06b9a0482d566ee2d83a03e586\ojdbc8-19.8.0.0.jar referenced one or more files that do not exist: file:/C:/Users/L/.gradle/caches/modules-2/files-2.1/com.oracle.database.jdbc/ojdbc8/19.8.0.0/df9cff9b91c47d06b9a0482d566ee2d83a03e586/oraclepki.jar
2024-12-12T17:51:05.090+09:00  INFO 23484 --- [dropout_prjt] [restartedMain] .e.DevToolsPropertyDefaultsPostProcessor : Devtools property defaults active! Set 'spring.devtools.add-properties' to 'false' to disable
2024-12-12T17:51:05.091+09:00  INFO 23484 --- [dropout_prjt] [restartedMain] .e.DevToolsPropertyDefaultsPostProcessor : For additional web related logging consider setting the 'logging.level.web' property to 'DEBUG'
2024-12-12T17:51:06.800+09:00  INFO 23484 --- [dropout_prjt] [restartedMain] o.s.b.w.embedded.tomcat.TomcatWebServer  : Tomcat initialized with port 18090 (http)
2024-12-12T17:51:06.817+09:00  INFO 23484 --- [dropout_prjt] [restartedMain] o.apache.catalina.core.StandardService   : Starting service [Tomcat]
2024-12-12T17:51:06.817+09:00  INFO 23484 --- [dropout_prjt] [restartedMain] o.apache.catalina.core.StandardEngine    : Starting Servlet engine: [Apache Tomcat/10.1.33]
2024-12-12T17:51:07.089+09:00  INFO 23484 --- [dropout_prjt] [restartedMain] org.apache.jasper.servlet.TldScanner     : At least one JAR was scanned for TLDs yet contained no TLDs. Enable debug logging for this logger for a complete list of JARs that were scanned but no TLDs were found in them. Skipping unneeded JARs during scanning can improve startup time and JSP compilation time.
2024-12-12T17:51:07.099+09:00  INFO 23484 --- [dropout_prjt] [restartedMain] o.a.c.c.C.[Tomcat].[localhost].[/]       : Initializing Spring embedded WebApplicationContext
2024-12-12T17:51:07.099+09:00  INFO 23484 --- [dropout_prjt] [restartedMain] w.s.c.ServletWebServerApplicationContext : Root WebApplicationContext: initialization completed in 2008 ms
2024-12-12T17:51:07.205+09:00  INFO 23484 --- [dropout_prjt] [restartedMain] com.zaxxer.hikari.HikariDataSource       : HikariPool-1 - Starting...
2024-12-12T17:51:07.210+09:00  WARN 23484 --- [dropout_prjt] [restartedMain] c.zaxxer.hikari.util.DriverDataSource    : Registered driver with driverClassName=oracle.jdbc.driver.OracleDriver was not found, trying direct instantiation.
2024-12-12T17:51:07.516+09:00  INFO 23484 --- [dropout_prjt] [restartedMain] com.zaxxer.hikari.pool.HikariPool        : HikariPool-1 - Added connection oracle.jdbc.driver.T4CConnection@15c1f06b
2024-12-12T17:51:07.518+09:00  INFO 23484 --- [dropout_prjt] [restartedMain] com.zaxxer.hikari.HikariDataSource       : HikariPool-1 - Start completed.
2024-12-12T17:51:07.526+09:00  INFO 23484 --- [dropout_prjt] [restartedMain] o.s.b.a.h2.H2ConsoleAutoConfiguration    : H2 console available at '/h2-console'. Database available at 'jdbc:oracle:thin:@localhost:1521:XE'
2024-12-12T17:51:08.179+09:00  INFO 23484 --- [dropout_prjt] [restartedMain] o.s.b.a.w.s.WelcomePageHandlerMapping    : Adding welcome page template: index
2024-12-12T17:51:08.705+09:00  INFO 23484 --- [dropout_prjt] [restartedMain] o.s.b.d.a.OptionalLiveReloadServer       : LiveReload server is running on port 35729
2024-12-12T17:51:08.754+09:00  INFO 23484 --- [dropout_prjt] [restartedMain] o.s.b.w.embedded.tomcat.TomcatWebServer  : Tomcat started on port 18090 (http) with context path '/'
2024-12-12T17:51:08.770+09:00  INFO 23484 --- [dropout_prjt] [restartedMain] fs.four.dropout.DropoutPrjtApplication   : Started DropoutPrjtApplication in 4.283 seconds (process running for 4.815)
2024-12-12T17:51:30.533+09:00  INFO 23484 --- [dropout_prjt] [http-nio-18090-exec-1] o.a.c.c.C.[Tomcat].[localhost].[/]       : Initializing Spring DispatcherServlet 'dispatcherServlet'
2024-12-12T17:51:30.534+09:00  INFO 23484 --- [dropout_prjt] [http-nio-18090-exec-1] o.s.web.servlet.DispatcherServlet        : Initializing Servlet 'dispatcherServlet'
2024-12-12T17:51:30.534+09:00  INFO 23484 --- [dropout_prjt] [http-nio-18090-exec-1] o.s.web.servlet.DispatcherServlet        : Completed initialization in 0 ms
2024-12-12T17:52:25.293+09:00  INFO 23028 --- [dropout_prjt] [restartedMain] fs.four.dropout.DropoutPrjtApplication   : Starting DropoutPrjtApplication using Java 17 with PID 23028 (C:\Users\L\Documents\GitHub\life_mate\build\classes\java\main started by L in C:\Users\L\Documents\GitHub\life_mate)
2024-12-12T17:52:25.297+09:00  INFO 23028 --- [dropout_prjt] [restartedMain] fs.four.dropout.DropoutPrjtApplication   : No active profile set, falling back to 1 default profile: "default"
2024-12-12T17:52:25.376+09:00  INFO 23028 --- [dropout_prjt] [restartedMain] o.s.b.devtools.restart.ChangeableUrls    : The Class-Path manifest attribute in C:\Users\L\.gradle\caches\modules-2\files-2.1\com.oracle.database.jdbc\ojdbc8\19.8.0.0\df9cff9b91c47d06b9a0482d566ee2d83a03e586\ojdbc8-19.8.0.0.jar referenced one or more files that do not exist: file:/C:/Users/L/.gradle/caches/modules-2/files-2.1/com.oracle.database.jdbc/ojdbc8/19.8.0.0/df9cff9b91c47d06b9a0482d566ee2d83a03e586/oraclepki.jar
2024-12-12T17:52:25.377+09:00  INFO 23028 --- [dropout_prjt] [restartedMain] .e.DevToolsPropertyDefaultsPostProcessor : Devtools property defaults active! Set 'spring.devtools.add-properties' to 'false' to disable
2024-12-12T17:52:25.377+09:00  INFO 23028 --- [dropout_prjt] [restartedMain] .e.DevToolsPropertyDefaultsPostProcessor : For additional web related logging consider setting the 'logging.level.web' property to 'DEBUG'
2024-12-12T17:52:27.042+09:00  INFO 23028 --- [dropout_prjt] [restartedMain] o.s.b.w.embedded.tomcat.TomcatWebServer  : Tomcat initialized with port 18090 (http)
2024-12-12T17:52:27.056+09:00  INFO 23028 --- [dropout_prjt] [restartedMain] o.apache.catalina.core.StandardService   : Starting service [Tomcat]
2024-12-12T17:52:27.057+09:00  INFO 23028 --- [dropout_prjt] [restartedMain] o.apache.catalina.core.StandardEngine    : Starting Servlet engine: [Apache Tomcat/10.1.33]
2024-12-12T17:52:27.319+09:00  INFO 23028 --- [dropout_prjt] [restartedMain] org.apache.jasper.servlet.TldScanner     : At least one JAR was scanned for TLDs yet contained no TLDs. Enable debug logging for this logger for a complete list of JARs that were scanned but no TLDs were found in them. Skipping unneeded JARs during scanning can improve startup time and JSP compilation time.
2024-12-12T17:52:27.329+09:00  INFO 23028 --- [dropout_prjt] [restartedMain] o.a.c.c.C.[Tomcat].[localhost].[/]       : Initializing Spring embedded WebApplicationContext
2024-12-12T17:52:27.330+09:00  INFO 23028 --- [dropout_prjt] [restartedMain] w.s.c.ServletWebServerApplicationContext : Root WebApplicationContext: initialization completed in 1953 ms
2024-12-12T17:52:27.427+09:00  INFO 23028 --- [dropout_prjt] [restartedMain] com.zaxxer.hikari.HikariDataSource       : HikariPool-1 - Starting...
2024-12-12T17:52:27.433+09:00  WARN 23028 --- [dropout_prjt] [restartedMain] c.zaxxer.hikari.util.DriverDataSource    : Registered driver with driverClassName=oracle.jdbc.driver.OracleDriver was not found, trying direct instantiation.
2024-12-12T17:52:27.700+09:00  INFO 23028 --- [dropout_prjt] [restartedMain] com.zaxxer.hikari.pool.HikariPool        : HikariPool-1 - Added connection oracle.jdbc.driver.T4CConnection@476f763b
2024-12-12T17:52:27.703+09:00  INFO 23028 --- [dropout_prjt] [restartedMain] com.zaxxer.hikari.HikariDataSource       : HikariPool-1 - Start completed.
2024-12-12T17:52:27.711+09:00  INFO 23028 --- [dropout_prjt] [restartedMain] o.s.b.a.h2.H2ConsoleAutoConfiguration    : H2 console available at '/h2-console'. Database available at 'jdbc:oracle:thin:@localhost:1521:XE'
2024-12-12T17:52:28.218+09:00  INFO 23028 --- [dropout_prjt] [restartedMain] o.s.b.a.w.s.WelcomePageHandlerMapping    : Adding welcome page template: index
2024-12-12T17:52:28.682+09:00  INFO 23028 --- [dropout_prjt] [restartedMain] o.s.b.d.a.OptionalLiveReloadServer       : LiveReload server is running on port 35729
2024-12-12T17:52:28.722+09:00  INFO 23028 --- [dropout_prjt] [restartedMain] o.s.b.w.embedded.tomcat.TomcatWebServer  : Tomcat started on port 18090 (http) with context path '/'
2024-12-12T17:52:28.733+09:00  INFO 23028 --- [dropout_prjt] [restartedMain] fs.four.dropout.DropoutPrjtApplication   : Started DropoutPrjtApplication in 3.924 seconds (process running for 4.453)
2024-12-12T17:52:49.663+09:00  INFO 23028 --- [dropout_prjt] [http-nio-18090-exec-1] o.a.c.c.C.[Tomcat].[localhost].[/]       : Initializing Spring DispatcherServlet 'dispatcherServlet'
2024-12-12T17:52:49.663+09:00  INFO 23028 --- [dropout_prjt] [http-nio-18090-exec-1] o.s.web.servlet.DispatcherServlet        : Initializing Servlet 'dispatcherServlet'
2024-12-12T17:52:49.664+09:00  INFO 23028 --- [dropout_prjt] [http-nio-18090-exec-1] o.s.web.servlet.DispatcherServlet        : Completed initialization in 0 ms
2024-12-12T17:53:24.621+09:00  INFO 23092 --- [dropout_prjt] [restartedMain] fs.four.dropout.DropoutPrjtApplication   : Starting DropoutPrjtApplication using Java 17 with PID 23092 (C:\Users\L\Documents\GitHub\life_mate\build\classes\java\main started by L in C:\Users\L\Documents\GitHub\life_mate)
2024-12-12T17:53:24.629+09:00  INFO 23092 --- [dropout_prjt] [restartedMain] fs.four.dropout.DropoutPrjtApplication   : No active profile set, falling back to 1 default profile: "default"
2024-12-12T17:53:24.715+09:00  INFO 23092 --- [dropout_prjt] [restartedMain] o.s.b.devtools.restart.ChangeableUrls    : The Class-Path manifest attribute in C:\Users\L\.gradle\caches\modules-2\files-2.1\com.oracle.database.jdbc\ojdbc8\19.8.0.0\df9cff9b91c47d06b9a0482d566ee2d83a03e586\ojdbc8-19.8.0.0.jar referenced one or more files that do not exist: file:/C:/Users/L/.gradle/caches/modules-2/files-2.1/com.oracle.database.jdbc/ojdbc8/19.8.0.0/df9cff9b91c47d06b9a0482d566ee2d83a03e586/oraclepki.jar
2024-12-12T17:53:24.716+09:00  INFO 23092 --- [dropout_prjt] [restartedMain] .e.DevToolsPropertyDefaultsPostProcessor : Devtools property defaults active! Set 'spring.devtools.add-properties' to 'false' to disable
2024-12-12T17:53:24.716+09:00  INFO 23092 --- [dropout_prjt] [restartedMain] .e.DevToolsPropertyDefaultsPostProcessor : For additional web related logging consider setting the 'logging.level.web' property to 'DEBUG'
2024-12-12T17:53:26.635+09:00  INFO 23092 --- [dropout_prjt] [restartedMain] o.s.b.w.embedded.tomcat.TomcatWebServer  : Tomcat initialized with port 18090 (http)
2024-12-12T17:53:26.652+09:00  INFO 23092 --- [dropout_prjt] [restartedMain] o.apache.catalina.core.StandardService   : Starting service [Tomcat]
2024-12-12T17:53:26.653+09:00  INFO 23092 --- [dropout_prjt] [restartedMain] o.apache.catalina.core.StandardEngine    : Starting Servlet engine: [Apache Tomcat/10.1.33]
2024-12-12T17:53:26.999+09:00  INFO 23092 --- [dropout_prjt] [restartedMain] org.apache.jasper.servlet.TldScanner     : At least one JAR was scanned for TLDs yet contained no TLDs. Enable debug logging for this logger for a complete list of JARs that were scanned but no TLDs were found in them. Skipping unneeded JARs during scanning can improve startup time and JSP compilation time.
2024-12-12T17:53:27.018+09:00  INFO 23092 --- [dropout_prjt] [restartedMain] o.a.c.c.C.[Tomcat].[localhost].[/]       : Initializing Spring embedded WebApplicationContext
2024-12-12T17:53:27.019+09:00  INFO 23092 --- [dropout_prjt] [restartedMain] w.s.c.ServletWebServerApplicationContext : Root WebApplicationContext: initialization completed in 2302 ms
2024-12-12T17:53:27.198+09:00  INFO 23092 --- [dropout_prjt] [restartedMain] com.zaxxer.hikari.HikariDataSource       : HikariPool-1 - Starting...
2024-12-12T17:53:27.205+09:00  WARN 23092 --- [dropout_prjt] [restartedMain] c.zaxxer.hikari.util.DriverDataSource    : Registered driver with driverClassName=oracle.jdbc.driver.OracleDriver was not found, trying direct instantiation.
2024-12-12T17:53:27.668+09:00  INFO 23092 --- [dropout_prjt] [restartedMain] com.zaxxer.hikari.pool.HikariPool        : HikariPool-1 - Added connection oracle.jdbc.driver.T4CConnection@59144017
2024-12-12T17:53:27.670+09:00  INFO 23092 --- [dropout_prjt] [restartedMain] com.zaxxer.hikari.HikariDataSource       : HikariPool-1 - Start completed.
2024-12-12T17:53:27.680+09:00  INFO 23092 --- [dropout_prjt] [restartedMain] o.s.b.a.h2.H2ConsoleAutoConfiguration    : H2 console available at '/h2-console'. Database available at 'jdbc:oracle:thin:@localhost:1521:XE'
2024-12-12T17:53:28.454+09:00  INFO 23092 --- [dropout_prjt] [restartedMain] o.s.b.a.w.s.WelcomePageHandlerMapping    : Adding welcome page template: index
2024-12-12T17:53:29.015+09:00  INFO 23092 --- [dropout_prjt] [restartedMain] o.s.b.d.a.OptionalLiveReloadServer       : LiveReload server is running on port 35729
2024-12-12T17:53:29.061+09:00  INFO 23092 --- [dropout_prjt] [restartedMain] o.s.b.w.embedded.tomcat.TomcatWebServer  : Tomcat started on port 18090 (http) with context path '/'
2024-12-12T17:53:29.073+09:00  INFO 23092 --- [dropout_prjt] [restartedMain] fs.four.dropout.DropoutPrjtApplication   : Started DropoutPrjtApplication in 5.022 seconds (process running for 5.567)
2024-12-12T17:53:29.234+09:00  INFO 23092 --- [dropout_prjt] [http-nio-18090-exec-1] o.a.c.c.C.[Tomcat].[localhost].[/]       : Initializing Spring DispatcherServlet 'dispatcherServlet'
2024-12-12T17:53:29.234+09:00  INFO 23092 --- [dropout_prjt] [http-nio-18090-exec-1] o.s.web.servlet.DispatcherServlet        : Initializing Servlet 'dispatcherServlet'
2024-12-12T17:53:29.235+09:00  INFO 23092 --- [dropout_prjt] [http-nio-18090-exec-1] o.s.web.servlet.DispatcherServlet        : Completed initialization in 1 ms
2024-12-12T18:00:18.339+09:00  INFO 7304 --- [dropout_prjt] [restartedMain] fs.four.dropout.DropoutPrjtApplication   : Starting DropoutPrjtApplication using Java 17 with PID 7304 (C:\Users\L\Documents\GitHub\life_mate\build\classes\java\main started by L in C:\Users\L\Documents\GitHub\life_mate)
2024-12-12T18:00:18.342+09:00  INFO 7304 --- [dropout_prjt] [restartedMain] fs.four.dropout.DropoutPrjtApplication   : No active profile set, falling back to 1 default profile: "default"
2024-12-12T18:00:18.398+09:00  INFO 7304 --- [dropout_prjt] [restartedMain] o.s.b.devtools.restart.ChangeableUrls    : The Class-Path manifest attribute in C:\Users\L\.gradle\caches\modules-2\files-2.1\com.oracle.database.jdbc\ojdbc8\19.8.0.0\df9cff9b91c47d06b9a0482d566ee2d83a03e586\ojdbc8-19.8.0.0.jar referenced one or more files that do not exist: file:/C:/Users/L/.gradle/caches/modules-2/files-2.1/com.oracle.database.jdbc/ojdbc8/19.8.0.0/df9cff9b91c47d06b9a0482d566ee2d83a03e586/oraclepki.jar
2024-12-12T18:00:18.399+09:00  INFO 7304 --- [dropout_prjt] [restartedMain] .e.DevToolsPropertyDefaultsPostProcessor : Devtools property defaults active! Set 'spring.devtools.add-properties' to 'false' to disable
2024-12-12T18:00:18.400+09:00  INFO 7304 --- [dropout_prjt] [restartedMain] .e.DevToolsPropertyDefaultsPostProcessor : For additional web related logging consider setting the 'logging.level.web' property to 'DEBUG'
2024-12-12T18:00:20.007+09:00  INFO 7304 --- [dropout_prjt] [restartedMain] o.s.b.w.embedded.tomcat.TomcatWebServer  : Tomcat initialized with port 18090 (http)
2024-12-12T18:00:20.023+09:00  INFO 7304 --- [dropout_prjt] [restartedMain] o.apache.catalina.core.StandardService   : Starting service [Tomcat]
2024-12-12T18:00:20.023+09:00  INFO 7304 --- [dropout_prjt] [restartedMain] o.apache.catalina.core.StandardEngine    : Starting Servlet engine: [Apache Tomcat/10.1.33]
2024-12-12T18:00:20.309+09:00  INFO 7304 --- [dropout_prjt] [restartedMain] org.apache.jasper.servlet.TldScanner     : At least one JAR was scanned for TLDs yet contained no TLDs. Enable debug logging for this logger for a complete list of JARs that were scanned but no TLDs were found in them. Skipping unneeded JARs during scanning can improve startup time and JSP compilation time.
2024-12-12T18:00:20.322+09:00  INFO 7304 --- [dropout_prjt] [restartedMain] o.a.c.c.C.[Tomcat].[localhost].[/]       : Initializing Spring embedded WebApplicationContext
2024-12-12T18:00:20.322+09:00  INFO 7304 --- [dropout_prjt] [restartedMain] w.s.c.ServletWebServerApplicationContext : Root WebApplicationContext: initialization completed in 1922 ms
2024-12-12T18:00:20.444+09:00  INFO 7304 --- [dropout_prjt] [restartedMain] com.zaxxer.hikari.HikariDataSource       : HikariPool-1 - Starting...
2024-12-12T18:00:20.454+09:00  WARN 7304 --- [dropout_prjt] [restartedMain] c.zaxxer.hikari.util.DriverDataSource    : Registered driver with driverClassName=oracle.jdbc.driver.OracleDriver was not found, trying direct instantiation.
2024-12-12T18:00:20.744+09:00  INFO 7304 --- [dropout_prjt] [restartedMain] com.zaxxer.hikari.pool.HikariPool        : HikariPool-1 - Added connection oracle.jdbc.driver.T4CConnection@29c09bd0
2024-12-12T18:00:20.746+09:00  INFO 7304 --- [dropout_prjt] [restartedMain] com.zaxxer.hikari.HikariDataSource       : HikariPool-1 - Start completed.
2024-12-12T18:00:20.756+09:00  INFO 7304 --- [dropout_prjt] [restartedMain] o.s.b.a.h2.H2ConsoleAutoConfiguration    : H2 console available at '/h2-console'. Database available at 'jdbc:oracle:thin:@localhost:1521:XE'
2024-12-12T18:00:21.371+09:00  INFO 7304 --- [dropout_prjt] [restartedMain] o.s.b.a.w.s.WelcomePageHandlerMapping    : Adding welcome page template: index
2024-12-12T18:00:21.827+09:00  INFO 7304 --- [dropout_prjt] [restartedMain] o.s.b.d.a.OptionalLiveReloadServer       : LiveReload server is running on port 35729
2024-12-12T18:00:21.877+09:00  INFO 7304 --- [dropout_prjt] [restartedMain] o.s.b.w.embedded.tomcat.TomcatWebServer  : Tomcat started on port 18090 (http) with context path '/'
2024-12-12T18:00:21.890+09:00  INFO 7304 --- [dropout_prjt] [restartedMain] fs.four.dropout.DropoutPrjtApplication   : Started DropoutPrjtApplication in 4.039 seconds (process running for 4.548)
2024-12-12T18:00:23.295+09:00  INFO 7304 --- [dropout_prjt] [http-nio-18090-exec-2] o.a.c.c.C.[Tomcat].[localhost].[/]       : Initializing Spring DispatcherServlet 'dispatcherServlet'
2024-12-12T18:00:23.295+09:00  INFO 7304 --- [dropout_prjt] [http-nio-18090-exec-2] o.s.web.servlet.DispatcherServlet        : Initializing Servlet 'dispatcherServlet'
2024-12-12T18:00:23.296+09:00  INFO 7304 --- [dropout_prjt] [http-nio-18090-exec-2] o.s.web.servlet.DispatcherServlet        : Completed initialization in 0 ms
